0 info it worked if it ends with ok
1 verbose cli [ 'node', '/usr/bin/npm', 'install', 'nodejs' ]
2 info using npm@1.3.6
3 info using node@v0.10.48
4 verbose readDependencies using package.json deps
5 verbose cache add [ 'nodejs', null ]
6 verbose cache add name=undefined spec="nodejs" args=["nodejs",null]
7 verbose parsed url { protocol: null,
7 verbose parsed url   slashes: null,
7 verbose parsed url   auth: null,
7 verbose parsed url   host: null,
7 verbose parsed url   port: null,
7 verbose parsed url   hostname: null,
7 verbose parsed url   hash: null,
7 verbose parsed url   search: null,
7 verbose parsed url   query: null,
7 verbose parsed url   pathname: 'nodejs',
7 verbose parsed url   path: 'nodejs',
7 verbose parsed url   href: 'nodejs' }
8 silly lockFile 9690950b-nodejs nodejs
9 verbose lock nodejs /root/.npm/9690950b-nodejs.lock
10 silly lockFile 9690950b-nodejs nodejs
11 silly lockFile 9690950b-nodejs nodejs
12 verbose addNamed [ 'nodejs', '' ]
13 verbose addNamed [ null, '*' ]
14 silly lockFile a2ebca96-nodejs nodejs@
15 verbose lock nodejs@ /root/.npm/a2ebca96-nodejs.lock
16 silly addNameRange { name: 'nodejs', range: '*', hasData: false }
17 verbose url raw nodejs
18 verbose url resolving [ 'https://registry.npmjs.org/', './nodejs' ]
19 verbose url resolved https://registry.npmjs.org/nodejs
20 info trying registry request attempt 1 at 21:45:43
21 http GET https://registry.npmjs.org/nodejs
22 info retry will retry, error on last attempt: Error: UNABLE_TO_GET_ISSUER_CERT_LOCALLY
23 info trying registry request attempt 2 at 21:45:53
24 http GET https://registry.npmjs.org/nodejs
25 info retry will retry, error on last attempt: Error: UNABLE_TO_GET_ISSUER_CERT_LOCALLY
26 info trying registry request attempt 3 at 21:46:53
27 http GET https://registry.npmjs.org/nodejs
28 silly lockFile a2ebca96-nodejs nodejs@
29 silly lockFile a2ebca96-nodejs nodejs@
30 error Error: UNABLE_TO_GET_ISSUER_CERT_LOCALLY
30 error     at SecurePair.<anonymous> (tls.js:1430:32)
30 error     at SecurePair.emit (events.js:92:17)
30 error     at SecurePair.maybeInitFinished (tls.js:1029:10)
30 error     at CleartextStream.read [as _read] (tls.js:521:13)
30 error     at CleartextStream.Readable.read (_stream_readable.js:341:10)
30 error     at EncryptedStream.write [as _write] (tls.js:418:25)
30 error     at doWrite (_stream_writable.js:226:10)
30 error     at writeOrBuffer (_stream_writable.js:216:5)
30 error     at EncryptedStream.Writable.write (_stream_writable.js:183:11)
30 error     at write (_stream_readable.js:602:24)
31 error If you need help, you may report this log at:
31 error     <http://github.com/isaacs/npm/issues>
31 error or email it to:
31 error     <npm-@googlegroups.com>
32 error System Linux 4.14.171-105.231.amzn1.x86_64
33 error command "node" "/usr/bin/npm" "install" "nodejs"
34 error cwd /var/www/rails/WillClock
35 error node -v v0.10.48
36 error npm -v 1.3.6
37 verbose exit [ 1, true ]
